#
# There is insufficient memory for the Java Runtime Environment to continue.
# Native memory allocation (malloc) failed to allocate 32744 bytes for ChunkPool::allocate
# Possible reasons:
#   The system is out of physical RAM or swap space
#   The process is running with CompressedOops enabled, and the Java Heap may be blocking the growth of the native heap
# Possible solutions:
#   Reduce memory load on the system
#   Increase physical memory or swap space
#   Check if swap backing store is full
#   Decrease Java heap size (-Xmx/-Xms)
#   Decrease number of Java threads
#   Decrease Java thread stack sizes (-Xss)
#   Set larger code cache with -XX:ReservedCodeCacheSize=
#   JVM is running with Zero Based Compressed Oops mode in which the Java heap is
#     placed in the first 32GB address space. The Java Heap base address is the
#     maximum limit for the native heap growth. Please use -XX:HeapBaseMinAddress
#     to set the Java Heap base and to place the Java Heap above 32GB virtual address.
# This output file may be truncated or incomplete.
#
#  Out of Memory Error (allocation.cpp:273), pid=15724, tid=0x00000000000039dc
#
# JRE version: Java(TM) SE Runtime Environment (8.0_201-b09) (build 1.8.0_201-b09)
# Java VM: Java HotSpot(TM) 64-Bit Server VM (25.201-b09 mixed mode windows-amd64 compressed oops)
# Failed to write core dump. Minidumps are not enabled by default on client versions of Windows
#

---------------  T H R E A D  ---------------

Current thread (0x000000001c459000):  JavaThread "C1 CompilerThread3" daemon [_thread_in_native, id=14812, stack(0x000000001c9f0000,0x000000001caf0000)]

Stack: [0x000000001c9f0000,0x000000001caf0000]
[error occurred during error reporting (printing stack bounds), id 0xc0000005]

Native frames: (J=compiled Java code, j=interpreted, Vv=VM code, C=native code)


Current CompileTask:
C1:  23102 5476  s!   3       com.sun.org.apache.xml.internal.dtm.ref.DTMManagerDefault::getDTM (900 bytes)


---------------  P R O C E S S  ---------------

Java Threads: ( => current thread )
  0x0000000021114800 JavaThread "ForkJoinPool.commonPool-worker-7" daemon [_thread_blocked, id=4204, stack(0x0000000024b00000,0x0000000024c00000)]
  0x000000001cd60800 JavaThread "ForkJoinPool.commonPool-worker-6" daemon [_thread_blocked, id=20004, stack(0x0000000024a00000,0x0000000024b00000)]
  0x000000001cd67000 JavaThread "ForkJoinPool.commonPool-worker-5" daemon [_thread_blocked, id=18352, stack(0x0000000024900000,0x0000000024a00000)]
  0x000000001cd66800 JavaThread "ForkJoinPool.commonPool-worker-4" daemon [_thread_blocked, id=3100, stack(0x0000000024600000,0x0000000024700000)]
  0x000000001cd62800 JavaThread "ForkJoinPool.commonPool-worker-3" daemon [_thread_blocked, id=14372, stack(0x0000000024500000,0x0000000024600000)]
  0x000000001cd65800 JavaThread "ForkJoinPool.commonPool-worker-2" daemon [_thread_blocked, id=16928, stack(0x0000000024400000,0x0000000024500000)]
  0x000000001cd65000 JavaThread "ForkJoinPool.commonPool-worker-1" daemon [_thread_blocked, id=9984, stack(0x0000000023510000,0x0000000023610000)]
  0x000000001cd62000 JavaThread "Druid-ConnectionPool-Destroy-96388064" daemon [_thread_blocked, id=6756, stack(0x00000000231b0000,0x00000000232b0000)]
  0x000000001cd64000 JavaThread "Druid-ConnectionPool-Create-96388064" daemon [_thread_blocked, id=5640, stack(0x000000001dd70000,0x000000001de70000)]
  0x000000001cd63800 JavaThread "mysql-cj-abandoned-connection-cleanup" daemon [_thread_blocked, id=19820, stack(0x000000001f840000,0x000000001f940000)]
  0x000000001db13000 JavaThread "logback-1" daemon [_thread_blocked, id=19956, stack(0x0000000022eb0000,0x0000000022fb0000)]
  0x000000001c470000 JavaThread "Service Thread" daemon [_thread_blocked, id=5648, stack(0x000000001caf0000,0x000000001cbf0000)]
=>0x000000001c459000 JavaThread "C1 CompilerThread3" daemon [_thread_in_native, id=14812, stack(0x000000001c9f0000,0x000000001caf0000)]
  0x000000001c3f8000 JavaThread "C2 CompilerThread2" daemon [_thread_in_native, id=20348, stack(0x000000001c8f0000,0x000000001c9f0000)]
  0x000000001c3f3000 JavaThread "C2 CompilerThread1" daemon [_thread_in_native, id=1488, stack(0x000000001c7f0000,0x000000001c8f0000)]
  0x000000001c3f2800 JavaThread "C2 CompilerThread0" daemon [_thread_in_native, id=11660, stack(0x000000001c6f0000,0x000000001c7f0000)]
  0x000000001b444800 JavaThread "JDWP Command Reader" daemon [_thread_in_native, id=18044, stack(0x000000001bdf0000,0x000000001bef0000)]
  0x000000001b43f800 JavaThread "JDWP Event Helper Thread" daemon [_thread_blocked, id=13456, stack(0x000000001bcf0000,0x000000001bdf0000)]
  0x000000001b433800 JavaThread "JDWP Transport Listener: dt_socket" daemon [_thread_blocked, id=14560, stack(0x000000001bbf0000,0x000000001bcf0000)]
  0x000000001b42c000 JavaThread "Attach Listener" daemon [_thread_blocked, id=10612, stack(0x000000001baf0000,0x000000001bbf0000)]
  0x000000001b3d2800 JavaThread "Signal Dispatcher" daemon [_thread_blocked, id=18796, stack(0x000000001b9f0000,0x000000001baf0000)]
  0x000000001b3b0800 JavaThread "Finalizer" daemon [_thread_blocked, id=16636, stack(0x000000001b890000,0x000000001b990000)]
  0x0000000019580000 JavaThread "Reference Handler" daemon [_thread_blocked, id=19972, stack(0x000000001b790000,0x000000001b890000)]
  0x000000000275b000 JavaThread "main" [_thread_in_Java, id=19860, stack(0x0000000002650000,0x0000000002750000)]

Other Threads:
  0x0000000019577800 VMThread [stack: 0x000000001b290000,0x000000001b390000] [id=17044]
  0x000000001c4fa000 WatcherThread [stack: 0x000000001cbf0000,0x000000001ccf0000] [id=19404]

VM state:not at safepoint (normal execution)

VM Mutex/Monitor currently owned by a thread: None

heap address: 0x0000000711800000, size: 2792 MB, Compressed Oops mode: Zero based, Oop shift amount: 3
Narrow klass base: 0x0000000000000000, Narrow klass shift: 3
Compressed class space size: 1073741824 Address: 0x00000007c0000000

Heap:
 PSYoungGen      total 151552K, used 24013K [0x0000000785d80000, 0x0000000790680000, 0x00000007c0000000)
  eden space 137216K, 11% used [0x0000000785d80000,0x0000000786c3e688,0x000000078e380000)
  from space 14336K, 62% used [0x000000078ea80000,0x000000078f3350d8,0x000000078f880000)
  to   space 11264K, 0% used [0x000000078fb80000,0x000000078fb80000,0x0000000790680000)
 ParOldGen       total 119296K, used 18044K [0x0000000711800000, 0x0000000718c80000, 0x0000000785d80000)
  object space 119296K, 15% used [0x0000000711800000,0x000000071299f1e0,0x0000000718c80000)
 Metaspace       used 46049K, capacity 47472K, committed 47704K, reserved 1091584K
  class space    used 5623K, capacity 5932K, committed 5976K, reserved 1048576K

Card table byte_map: [0x0000000011da0000,0x0000000012320000] byte_map_base: 0x000000000e514000

Marking Bits: (ParMarkBitMap*) 0x0000000051b44ce0
 Begin Bits: [0x0000000012ed0000, 0x0000000015a70000)
 End Bits:   [0x0000000015a70000, 0x0000000018610000)

Polling page: 0x00000000001f0000

CodeCache: size=245760Kb used=18237Kb max_used=18248Kb free=227522Kb
 bounds [0x00000000029e0000, 0x0000000003bd0000, 0x00000000119e0000]
 total_blobs=5396 nmethods=4893 adapters=424
 compilation: enabled

Compilation events (10 events):
Event: 23.073 Thread 0x000000001c459000 5470       3       org.xml.sax.helpers.DefaultHandler::<init> (5 bytes)
Event: 23.073 Thread 0x000000001c459000 nmethod 5470 0x0000000003bbd150 code [0x0000000003bbd2a0, 0x0000000003bbd450]
Event: 23.073 Thread 0x000000001c459000 5471       3       com.sun.org.apache.xpath.internal.axes.NodeSequence::nextNode (202 bytes)
Event: 23.075 Thread 0x000000001c459000 nmethod 5471 0x0000000003bbd510 code [0x0000000003bbd780, 0x0000000003bbea78]
Event: 23.079 Thread 0x000000001c3f2800 nmethod 5466 0x0000000003bc1210 code [0x0000000003bc1840, 0x0000000003bc2570]
Event: 23.083 Thread 0x000000001c3f8000 5472       4       java.util.AbstractList::iterator (10 bytes)
Event: 23.084 Thread 0x000000001c3f2800 5473       4       org.apache.ibatis.parsing.XNode::parseAttributes (81 bytes)
Event: 23.084 Thread 0x000000001c3f8000 nmethod 5472 0x0000000003bbf9d0 code [0x0000000003bbfb20, 0x0000000003bbfc28]
Event: 23.088 Thread 0x000000001c3f8000 5474       4       org.apache.ibatis.parsing.XNode::<init> (48 bytes)
Event: 23.095 Thread 0x000000001c459000 5476  s!   3       com.sun.org.apache.xml.internal.dtm.ref.DTMManagerDefault::getDTM (900 bytes)

GC Heap History (10 events):
Event: 15.020 GC heap before
{Heap before GC invocations=9 (full 1):
 PSYoungGen      total 76800K, used 76189K [0x0000000785d80000, 0x000000078d980000, 0x00000007c0000000)
  eden space 68096K, 100% used [0x0000000785d80000,0x000000078a000000,0x000000078a000000)
  from space 8704K, 92% used [0x000000078a000000,0x000000078a7e7720,0x000000078a880000)
  to   space 9728K, 0% used [0x000000078d000000,0x000000078d000000,0x000000078d980000)
 ParOldGen       total 74240K, used 7319K [0x0000000711800000, 0x0000000716080000, 0x0000000785d80000)
  object space 74240K, 9% used [0x0000000711800000,0x0000000711f25c80,0x0000000716080000)
 Metaspace       used 30504K, capacity 31554K, committed 31744K, reserved 1077248K
  class space    used 3879K, capacity 4091K, committed 4096K, reserved 1048576K
Event: 15.037 GC heap after
Heap after GC invocations=9 (full 1):
 PSYoungGen      total 116224K, used 9713K [0x0000000785d80000, 0x000000078e100000, 0x00000007c0000000)
  eden space 106496K, 0% used [0x0000000785d80000,0x0000000785d80000,0x000000078c580000)
  from space 9728K, 99% used [0x000000078d000000,0x000000078d97c7d0,0x000000078d980000)
  to   space 10752K, 0% used [0x000000078c580000,0x000000078c580000,0x000000078d000000)
 ParOldGen       total 74240K, used 7540K [0x0000000711800000, 0x0000000716080000, 0x0000000785d80000)
  object space 74240K, 10% used [0x0000000711800000,0x0000000711f5d1a8,0x0000000716080000)
 Metaspace       used 30504K, capacity 31554K, committed 31744K, reserved 1077248K
  class space    used 3879K, capacity 4091K, committed 4096K, reserved 1048576K
}
Event: 16.766 GC heap before
{Heap before GC invocations=10 (full 1):
 PSYoungGen      total 116224K, used 115067K [0x0000000785d80000, 0x000000078e100000, 0x00000007c0000000)
  eden space 106496K, 98% used [0x0000000785d80000,0x000000078c462430,0x000000078c580000)
  from space 9728K, 99% used [0x000000078d000000,0x000000078d97c7d0,0x000000078d980000)
  to   space 10752K, 0% used [0x000000078c580000,0x000000078c580000,0x000000078d000000)
 ParOldGen       total 74240K, used 7540K [0x0000000711800000, 0x0000000716080000, 0x0000000785d80000)
  object space 74240K, 10% used [0x0000000711800000,0x0000000711f5d1a8,0x0000000716080000)
 Metaspace       used 34199K, capacity 35344K, committed 35416K, reserved 1079296K
  class space    used 4369K, capacity 4626K, committed 4696K, reserved 1048576K
Event: 16.786 GC heap after
Heap after GC invocations=10 (full 1):
 PSYoungGen      total 117248K, used 10727K [0x0000000785d80000, 0x0000000790880000, 0x00000007c0000000)
  eden space 106496K, 0% used [0x0000000785d80000,0x0000000785d80000,0x000000078c580000)
  from space 10752K, 99% used [0x000000078c580000,0x000000078cff9fd0,0x000000078d000000)
  to   space 13312K, 0% used [0x000000078fb80000,0x000000078fb80000,0x0000000790880000)
 ParOldGen       total 74240K, used 10515K [0x0000000711800000, 0x0000000716080000, 0x0000000785d80000)
  object space 74240K, 14% used [0x0000000711800000,0x0000000712244c28,0x0000000716080000)
 Metaspace       used 34199K, capacity 35344K, committed 35416K, reserved 1079296K
  class space    used 4369K, capacity 4626K, committed 4696K, reserved 1048576K
}
Event: 16.786 GC heap before
{Heap before GC invocations=11 (full 2):
 PSYoungGen      total 117248K, used 10727K [0x0000000785d80000, 0x0000000790880000, 0x00000007c0000000)
  eden space 106496K, 0% used [0x0000000785d80000,0x0000000785d80000,0x000000078c580000)
  from space 10752K, 99% used [0x000000078c580000,0x000000078cff9fd0,0x000000078d000000)
  to   space 13312K, 0% used [0x000000078fb80000,0x000000078fb80000,0x0000000790880000)
 ParOldGen       total 74240K, used 10515K [0x0000000711800000, 0x0000000716080000, 0x0000000785d80000)
  object space 74240K, 14% used [0x0000000711800000,0x0000000712244c28,0x0000000716080000)
 Metaspace       used 34199K, capacity 35344K, committed 35416K, reserved 1079296K
  class space    used 4369K, capacity 4626K, committed 4696K, reserved 1048576K
Event: 16.913 GC heap after
Heap after GC invocations=11 (full 2):
 PSYoungGen      total 117248K, used 0K [0x0000000785d80000, 0x0000000790880000, 0x00000007c0000000)
  eden space 106496K, 0% used [0x0000000785d80000,0x0000000785d80000,0x000000078c580000)
  from space 10752K, 0% used [0x000000078c580000,0x000000078c580000,0x000000078d000000)
  to   space 13312K, 0% used [0x000000078fb80000,0x000000078fb80000,0x0000000790880000)
 ParOldGen       total 119296K, used 18012K [0x0000000711800000, 0x0000000718c80000, 0x0000000785d80000)
  object space 119296K, 15% used [0x0000000711800000,0x00000007129971d0,0x0000000718c80000)
 Metaspace       used 34199K, capacity 35344K, committed 35416K, reserved 1079296K
  class space    used 4369K, capacity 4626K, committed 4696K, reserved 1048576K
}
Event: 21.713 GC heap before
{Heap before GC invocations=12 (full 2):
 PSYoungGen      total 117248K, used 106496K [0x0000000785d80000, 0x0000000790880000, 0x00000007c0000000)
  eden space 106496K, 100% used [0x0000000785d80000,0x000000078c580000,0x000000078c580000)
  from space 10752K, 0% used [0x000000078c580000,0x000000078c580000,0x000000078d000000)
  to   space 13312K, 0% used [0x000000078fb80000,0x000000078fb80000,0x0000000790880000)
 ParOldGen       total 119296K, used 18012K [0x0000000711800000, 0x0000000718c80000, 0x0000000785d80000)
  object space 119296K, 15% used [0x0000000711800000,0x00000007129971d0,0x0000000718c80000)
 Metaspace       used 42951K, capacity 44240K, committed 44504K, reserved 1087488K
  class space    used 5273K, capacity 5558K, committed 5592K, reserved 1048576K
Event: 21.734 GC heap after
Heap after GC invocations=12 (full 2):
 PSYoungGen      total 148480K, used 10898K [0x0000000785d80000, 0x0000000790680000, 0x00000007c0000000)
  eden space 137216K, 0% used [0x0000000785d80000,0x0000000785d80000,0x000000078e380000)
  from space 11264K, 96% used [0x000000078fb80000,0x0000000790624868,0x0000000790680000)
  to   space 14336K, 0% used [0x000000078ea80000,0x000000078ea80000,0x000000078f880000)
 ParOldGen       total 119296K, used 18036K [0x0000000711800000, 0x0000000718c80000, 0x0000000785d80000)
  object space 119296K, 15% used [0x0000000711800000,0x000000071299d1e0,0x0000000718c80000)
 Metaspace       used 42951K, capacity 44240K, committed 44504K, reserved 1087488K
  class space    used 5273K, capacity 5558K, committed 5592K, reserved 1048576K
}
Event: 23.005 GC heap before
{Heap before GC invocations=13 (full 2):
 PSYoungGen      total 148480K, used 148114K [0x0000000785d80000, 0x0000000790680000, 0x00000007c0000000)
  eden space 137216K, 100% used [0x0000000785d80000,0x000000078e380000,0x000000078e380000)
  from space 11264K, 96% used [0x000000078fb80000,0x0000000790624868,0x0000000790680000)
  to   space 14336K, 0% used [0x000000078ea80000,0x000000078ea80000,0x000000078f880000)
 ParOldGen       total 119296K, used 18036K [0x0000000711800000, 0x0000000718c80000, 0x0000000785d80000)
  object space 119296K, 15% used [0x0000000711800000,0x000000071299d1e0,0x0000000718c80000)
 Metaspace       used 46025K, capacity 47472K, committed 47704K, reserved 1091584K
  class space    used 5620K, capacity 5932K, committed 5976K, reserved 1048576K
Event: 23.018 GC heap after
Heap after GC invocations=13 (full 2):
 PSYoungGen      total 151552K, used 8916K [0x0000000785d80000, 0x0000000790680000, 0x00000007c0000000)
  eden space 137216K, 0% used [0x0000000785d80000,0x0000000785d80000,0x000000078e380000)
  from space 14336K, 62% used [0x000000078ea80000,0x000000078f3350d8,0x000000078f880000)
  to   space 11264K, 0% used [0x000000078fb80000,0x000000078fb80000,0x0000000790680000)
 ParOldGen       total 119296K, used 18044K [0x0000000711800000, 0x0000000718c80000, 0x0000000785d80000)
  object space 119296K, 15% used [0x0000000711800000,0x000000071299f1e0,0x0000000718c80000)
 Metaspace       used 46025K, capacity 47472K, committed 47704K, reserved 1091584K
  class space    used 5620K, capacity 5932K, committed 5976K, reserved 1048576K
}

Deoptimization events (10 events):
Event: 21.759 Thread 0x000000000275b000 Uncommon trap: reason=bimorphic action=maybe_recompile pc=0x00000000038599f4 method=java.util.HashMap.putVal(ILjava/lang/Object;Ljava/lang/Object;ZZ)Ljava/lang/Object; @ 253
Event: 21.759 Thread 0x000000000275b000 Uncommon trap: reason=bimorphic action=maybe_recompile pc=0x00000000038599f4 method=java.util.HashMap.putVal(ILjava/lang/Object;Ljava/lang/Object;ZZ)Ljava/lang/Object; @ 253
Event: 21.759 Thread 0x000000000275b000 Uncommon trap: reason=bimorphic action=maybe_recompile pc=0x00000000038599f4 method=java.util.HashMap.putVal(ILjava/lang/Object;Ljava/lang/Object;ZZ)Ljava/lang/Object; @ 253
Event: 21.772 Thread 0x000000000275b000 Uncommon trap: reason=null_check action=make_not_entrant pc=0x00000000036412e4 method=org.springframework.util.AntPathMatcher.getStringMatcher(Ljava/lang/String;)Lorg/springframework/util/AntPathMatcher$AntPathStringMatcher; @ 28
Event: 21.870 Thread 0x000000000275b000 Uncommon trap: reason=unstable_if action=reinterpret pc=0x0000000002efe678 method=com.sun.org.apache.xerces.internal.utils.XMLSecurityManager.isOverLimit(ILcom/sun/org/apache/xerces/internal/utils/XMLLimitAnalyzer;)Z @ 28
Event: 21.871 Thread 0x000000000275b000 Uncommon trap: reason=unstable_if action=reinterpret pc=0x0000000002f01198 method=com.sun.org.apache.xerces.internal.util.SymbolTable.addSymbol([CII)Ljava/lang/String; @ 38
Event: 21.878 Thread 0x000000000275b000 Uncommon trap: reason=unstable_if action=reinterpret pc=0x0000000002fc5714 method=com.sun.org.apache.xerces.internal.impl.XMLEntityScanner.skipSpaces()Z @ 273
Event: 22.615 Thread 0x000000000275b000 Uncommon trap: reason=unstable_if action=reinterpret pc=0x0000000003a84014 method=com.sun.org.apache.xerces.internal.impl.XMLDocumentFragmentScannerImpl$FragmentContentDriver.next()I @ 823
Event: 22.637 Thread 0x000000000275b000 Uncommon trap: reason=unstable_if action=reinterpret pc=0x0000000002ea3c94 method=com.sun.org.apache.xerces.internal.impl.XMLEntityScanner.peekChar()I @ 14
Event: 22.764 Thread 0x000000001cd63800 Uncommon trap: reason=unstable_if action=reinterpret pc=0x00000000030937e8 method=java.io.WinNTFileSystem.resolve(Ljava/lang/String;Ljava/lang/String;)Ljava/lang/String; @ 19

Classes redefined (0 events):
No events

Internal exceptions (10 events):
Event: 15.797 Thread 0x000000000275b000 Exception <a 'java/lang/ClassNotFoundException': org/springframework/beans/factory/AwareCustomizer> (0x0000000788b74020) thrown at [C:\re\workspace\8-2-build-windows-amd64-cygwin\jdk8u201\12322\hotspot\src\share\vm\classfile\systemDictionary.cpp, line 210
Event: 16.487 Thread 0x000000000275b000 Exception <a 'java/lang/NoSuchMethodError': org.slf4j.impl.StaticMarkerBinder.getSingleton()Lorg/slf4j/impl/StaticMarkerBinder;> (0x000000078b6a5038) thrown at [C:\re\workspace\8-2-build-windows-amd64-cygwin\jdk8u201\12322\hotspot\src\share\vm\interpreter
Event: 17.209 Thread 0x000000000275b000 Exception <a 'java/lang/ClassNotFoundException': java/lang/ObjectCustomizer> (0x0000000786a79630) thrown at [C:\re\workspace\8-2-build-windows-amd64-cygwin\jdk8u201\12322\hotspot\src\share\vm\classfile\systemDictionary.cpp, line 210]
Event: 17.212 Thread 0x000000000275b000 Exception <a 'java/lang/ClassNotFoundException': org/springframework/dao/support/DaoSupportCustomizer> (0x0000000786aa9680) thrown at [C:\re\workspace\8-2-build-windows-amd64-cygwin\jdk8u201\12322\hotspot\src\share\vm\classfile\systemDictionary.cpp, line 
Event: 17.214 Thread 0x000000000275b000 Exception <a 'java/lang/ClassNotFoundException': org/mybatis/spring/support/SqlSessionDaoSupportCustomizer> (0x0000000786ad90b8) thrown at [C:\re\workspace\8-2-build-windows-amd64-cygwin\jdk8u201\12322\hotspot\src\share\vm\classfile\systemDictionary.cpp, 
Event: 17.216 Thread 0x000000000275b000 Exception <a 'java/lang/ClassNotFoundException': org/mybatis/spring/mapper/MapperFactoryBeanCustomizer> (0x0000000786b0d170) thrown at [C:\re\workspace\8-2-build-windows-amd64-cygwin\jdk8u201\12322\hotspot\src\share\vm\classfile\systemDictionary.cpp, line
Event: 17.223 Thread 0x000000000275b000 Exception <a 'java/lang/ClassNotFoundException': org/springframework/beans/factory/FactoryBeanCustomizer> (0x0000000786b67118) thrown at [C:\re\workspace\8-2-build-windows-amd64-cygwin\jdk8u201\12322\hotspot\src\share\vm\classfile\systemDictionary.cpp, li
Event: 17.226 Thread 0x000000000275b000 Exception <a 'java/lang/ClassNotFoundException': org/springframework/beans/factory/InitializingBeanCustomizer> (0x0000000786b9c520) thrown at [C:\re\workspace\8-2-build-windows-amd64-cygwin\jdk8u201\12322\hotspot\src\share\vm\classfile\systemDictionary.cp
Event: 21.772 Thread 0x000000000275b000 Implicit null exception at 0x000000000364113e to 0x00000000036412d2
Event: 22.020 Thread 0x000000000275b000 Exception <a 'java/lang/NoSuchMethodError': java.lang.Object.lambda$identity$2(Ljava/lang/Object;)Ljava/lang/Object;> (0x00000007868a0b50) thrown at [C:\re\workspace\8-2-build-windows-amd64-cygwin\jdk8u201\12322\hotspot\src\share\vm\interpreter\linkResolv

Events (10 events):
Event: 23.091 Thread 0x000000000275b000 DEOPT PACKING pc=0x00000000030eb147 sp=0x0000000002748930
Event: 23.091 Thread 0x000000000275b000 DEOPT UNPACKING pc=0x0000000002a27490 sp=0x0000000002748648 mode 1
Event: 23.091 Thread 0x000000000275b000 DEOPT PACKING pc=0x0000000003a3de7c sp=0x0000000002748990
Event: 23.091 Thread 0x000000000275b000 DEOPT UNPACKING pc=0x0000000002a27490 sp=0x00000000027486b8 mode 1
Event: 23.095 Thread 0x000000000275b000 DEOPT PACKING pc=0x00000000030eb147 sp=0x0000000002748930
Event: 23.095 Thread 0x000000000275b000 DEOPT UNPACKING pc=0x0000000002a27490 sp=0x0000000002748648 mode 1
Event: 23.095 Thread 0x000000000275b000 DEOPT PACKING pc=0x0000000003a3de7c sp=0x0000000002748990
Event: 23.095 Thread 0x000000000275b000 DEOPT UNPACKING pc=0x0000000002a27490 sp=0x00000000027486b8 mode 1
Event: 23.098 Thread 0x000000000275b000 DEOPT PACKING pc=0x00000000030eb147 sp=0x0000000002748930
Event: 23.098 Thread 0x000000000275b000 DEOPT UNPACKING pc=0x0000000002a27490 sp=0x0000000002748648 mode 1


Dynamic libraries:
0x00007ff783770000 - 0x00007ff7837a7000 	E:\Java\jdk1.8.0_201\bin\java.exe
0x00007ffd5da00000 - 0x00007ffd5dbf0000 	C:\WINDOWS\SYSTEM32\ntdll.dll
0x00007ffd5c640000 - 0x00007ffd5c6f2000 	C:\WINDOWS\System32\KERNEL32.DLL
0x00007ffd5b190000 - 0x00007ffd5b434000 	C:\WINDOWS\System32\KERNELBASE.dll
0x00007ffd5bc50000 - 0x00007ffd5bcf3000 	C:\WINDOWS\System32\ADVAPI32.dll
0x00007ffd5d810000 - 0x00007ffd5d8ae000 	C:\WINDOWS\System32\msvcrt.dll
0x00007ffd5bf70000 - 0x00007ffd5c007000 	C:\WINDOWS\System32\sechost.dll
0x00007ffd5c090000 - 0x00007ffd5c1b0000 	C:\WINDOWS\System32\RPCRT4.dll
0x00007ffd5bab0000 - 0x00007ffd5bc44000 	C:\WINDOWS\System32\USER32.dll
0x00007ffd5b6b0000 - 0x00007ffd5b6d1000 	C:\WINDOWS\System32\win32u.dll
0x00007ffd5d990000 - 0x00007ffd5d9b6000 	C:\WINDOWS\System32\GDI32.dll
0x00007ffd5b910000 - 0x00007ffd5baa5000 	C:\WINDOWS\System32\gdi32full.dll
0x00007ffd5b460000 - 0x00007ffd5b4fe000 	C:\WINDOWS\System32\msvcp_win.dll
0x00007ffd5b730000 - 0x00007ffd5b82a000 	C:\WINDOWS\System32\ucrtbase.dll
0x00007ffd4c890000 - 0x00007ffd4cb14000 	C:\WINDOWS\WinSxS\amd64_microsoft.windows.common-controls_6595b64144ccf1df_6.0.18362.900_none_e6beb9d913147d17\COMCTL32.dll
0x00007ffd5d4d0000 - 0x00007ffd5d805000 	C:\WINDOWS\System32\combase.dll
0x00007ffd5a990000 - 0x00007ffd5aa10000 	C:\WINDOWS\System32\bcryptPrimitives.dll
0x00007ffd5d140000 - 0x00007ffd5d16e000 	C:\WINDOWS\System32\IMM32.DLL
0x0000000051f30000 - 0x0000000052001000 	E:\Java\jdk1.8.0_201\jre\bin\msvcr100.dll
0x0000000051320000 - 0x0000000051bc4000 	E:\Java\jdk1.8.0_201\jre\bin\server\jvm.dll
0x00007ffd5cdf0000 - 0x00007ffd5cdf8000 	C:\WINDOWS\System32\PSAPI.DLL
0x00007ffd55480000 - 0x00007ffd55489000 	C:\WINDOWS\SYSTEM32\WSOCK32.dll
0x00007ffd5ceb0000 - 0x00007ffd5cf1f000 	C:\WINDOWS\System32\WS2_32.dll
0x00007ffd58060000 - 0x00007ffd58084000 	C:\WINDOWS\SYSTEM32\WINMM.dll
0x00007ffd58000000 - 0x00007ffd5802d000 	C:\WINDOWS\SYSTEM32\WINMMBASE.dll
0x00007ffd5b6e0000 - 0x00007ffd5b72a000 	C:\WINDOWS\System32\cfgmgr32.dll
0x00007ffd5a460000 - 0x00007ffd5a46a000 	C:\WINDOWS\SYSTEM32\VERSION.dll
0x00007ffd545b0000 - 0x00007ffd545bf000 	E:\Java\jdk1.8.0_201\jre\bin\verify.dll
0x00007ffd4fa60000 - 0x00007ffd4fa89000 	E:\Java\jdk1.8.0_201\jre\bin\java.dll
0x00007ffd47360000 - 0x00007ffd47395000 	E:\Java\jdk1.8.0_201\jre\bin\jdwp.dll
0x00007ffd520a0000 - 0x00007ffd520a8000 	E:\Java\jdk1.8.0_201\jre\bin\npt.dll
0x00007ffd3e050000 - 0x00007ffd3e073000 	E:\Java\jdk1.8.0_201\jre\bin\instrument.dll
0x00007ffd51cc0000 - 0x00007ffd51cd6000 	E:\Java\jdk1.8.0_201\jre\bin\zip.dll
0x00007ffd5c700000 - 0x00007ffd5cde6000 	C:\WINDOWS\System32\SHELL32.dll
0x00007ffd5d420000 - 0x00007ffd5d4c9000 	C:\WINDOWS\System32\shcore.dll
0x00007ffd5aa10000 - 0x00007ffd5b190000 	C:\WINDOWS\System32\windows.storage.dll
0x00007ffd5a8f0000 - 0x00007ffd5a913000 	C:\WINDOWS\System32\profapi.dll
0x00007ffd5a940000 - 0x00007ffd5a98a000 	C:\WINDOWS\System32\powrprof.dll
0x00007ffd5a8c0000 - 0x00007ffd5a8d0000 	C:\WINDOWS\System32\UMPDC.dll
0x00007ffd5bd70000 - 0x00007ffd5bdc2000 	C:\WINDOWS\System32\shlwapi.dll
0x00007ffd5a8d0000 - 0x00007ffd5a8e1000 	C:\WINDOWS\System32\kernel.appcore.dll
0x00007ffd5b440000 - 0x00007ffd5b457000 	C:\WINDOWS\System32\cryptsp.dll
0x00007ffd4f7d0000 - 0x00007ffd4f7d9000 	E:\Java\jdk1.8.0_201\jre\bin\dt_socket.dll
0x00007ffd5a060000 - 0x00007ffd5a0c7000 	C:\WINDOWS\system32\mswsock.dll
0x00007ffd4f740000 - 0x00007ffd4f75a000 	E:\Java\jdk1.8.0_201\jre\bin\net.dll
0x00007ffd4d870000 - 0x00007ffd4da46000 	C:\WINDOWS\SYSTEM32\urlmon.dll
0x00007ffd4f1f0000 - 0x00007ffd4f496000 	C:\WINDOWS\SYSTEM32\iertutil.dll
0x00007ffd5a230000 - 0x00007ffd5a23c000 	C:\WINDOWS\SYSTEM32\CRYPTBASE.DLL
0x00007ffd59d70000 - 0x00007ffd59daa000 	C:\WINDOWS\SYSTEM32\IPHLPAPI.DLL
0x00007ffd5d410000 - 0x00007ffd5d418000 	C:\WINDOWS\System32\NSI.dll
0x00007ffd51e10000 - 0x00007ffd51e26000 	C:\WINDOWS\SYSTEM32\dhcpcsvc6.DLL
0x00007ffd51df0000 - 0x00007ffd51e0c000 	C:\WINDOWS\SYSTEM32\dhcpcsvc.DLL
0x00007ffd59db0000 - 0x00007ffd59e7b000 	C:\WINDOWS\SYSTEM32\DNSAPI.dll
0x00007ffd53d80000 - 0x00007ffd53d8d000 	E:\Java\jdk1.8.0_201\jre\bin\management.dll
0x00007ffd4c870000 - 0x00007ffd4c881000 	E:\Java\jdk1.8.0_201\jre\bin\nio.dll
0x00007ffd44910000 - 0x00007ffd44926000 	C:\WINDOWS\system32\napinsp.dll
0x00007ffd447d0000 - 0x00007ffd447ea000 	C:\WINDOWS\system32\pnrpnsp.dll
0x00007ffd447c0000 - 0x00007ffd447ce000 	C:\WINDOWS\System32\winrnr.dll
0x00007ffd56bd0000 - 0x00007ffd56bec000 	C:\WINDOWS\system32\NLAapi.dll
0x00007ffd559c0000 - 0x00007ffd559d5000 	C:\WINDOWS\system32\wshbth.dll
0x00007ffd53430000 - 0x00007ffd5343a000 	C:\Windows\System32\rasadhlp.dll
0x00007ffd50410000 - 0x00007ffd50487000 	C:\WINDOWS\System32\fwpuclnt.dll
0x00007ffd5b830000 - 0x00007ffd5b856000 	C:\WINDOWS\System32\bcrypt.dll
0x00007ffd2eaa0000 - 0x00007ffd2eac4000 	E:\Java\jdk1.8.0_201\jre\bin\sunec.dll
0x00007ffd59bd0000 - 0x00007ffd59c03000 	C:\WINDOWS\system32\rsaenh.dll
0x00007ffd5a7b0000 - 0x00007ffd5a7d5000 	C:\WINDOWS\SYSTEM32\USERENV.dll
0x00007ffd52150000 - 0x00007ffd5215b000 	E:\Java\jdk1.8.0_201\jre\bin\sunmscapi.dll
0x00007ffd5b560000 - 0x00007ffd5b6a9000 	C:\WINDOWS\System32\CRYPT32.dll
0x00007ffd5a920000 - 0x00007ffd5a932000 	C:\WINDOWS\System32\MSASN1.dll

VM Arguments:
jvm_args: -agentlib:jdwp=transport=dt_socket,address=127.0.0.1:60214,suspend=y,server=n -javaagent:C:\Users\lenovo\AppData\Local\Temp\capturejars\debugger-agent.jar=file:/C:/Users/lenovo/AppData/Local/Temp/capture.props -Dfile.encoding=UTF-8 
java_command: io.renren.RenrenApplication
java_class_path (initial): E:\Java\jdk1.8.0_201\jre\lib\charsets.jar;E:\Java\jdk1.8.0_201\jre\lib\deploy.jar;E:\Java\jdk1.8.0_201\jre\lib\ext\access-bridge-64.jar;E:\Java\jdk1.8.0_201\jre\lib\ext\cldrdata.jar;E:\Java\jdk1.8.0_201\jre\lib\ext\dnsns.jar;E:\Java\jdk1.8.0_201\jre\lib\ext\jaccess.jar;E:\Java\jdk1.8.0_201\jre\lib\ext\jfxrt.jar;E:\Java\jdk1.8.0_201\jre\lib\ext\localedata.jar;E:\Java\jdk1.8.0_201\jre\lib\ext\nashorn.jar;E:\Java\jdk1.8.0_201\jre\lib\ext\sunec.jar;E:\Java\jdk1.8.0_201\jre\lib\ext\sunjce_provider.jar;E:\Java\jdk1.8.0_201\jre\lib\ext\sunmscapi.jar;E:\Java\jdk1.8.0_201\jre\lib\ext\sunpkcs11.jar;E:\Java\jdk1.8.0_201\jre\lib\ext\zipfs.jar;E:\Java\jdk1.8.0_201\jre\lib\javaws.jar;E:\Java\jdk1.8.0_201\jre\lib\jce.jar;E:\Java\jdk1.8.0_201\jre\lib\jfr.jar;E:\Java\jdk1.8.0_201\jre\lib\jfxswt.jar;E:\Java\jdk1.8.0_201\jre\lib\jsse.jar;E:\Java\jdk1.8.0_201\jre\lib\management-agent.jar;E:\Java\jdk1.8.0_201\jre\lib\plugin.jar;E:\Java\jdk1.8.0_201\jre\lib\resources.jar;E:\Java\jdk1.8.0_201\jre\lib\rt.jar;G:\电力项目\es\renren-fast\target\classes;G:\电力项目\es\es-common\target\classes;C:\Users\lenovo\.m2\repository\org\apache\httpcomponents\httpcore\4.4.12\httpcore-4.4.12.jar;C:\Users\lenovo\.m2\repository\com\alibaba\cloud\spring-cloud-starter-alibaba-nacos-discovery\2.1.0.RELEASE\spring-cloud-starter-alibaba-nacos-discovery-2.1.0.RELEASE.jar;C:\Users\lenovo\.m2\repository\com\alibaba\cloud\spring-cloud-alibaba-nacos-discovery\2.1.0.RELEASE\spring-cloud-alibaba-nacos-discovery-2.1.0.RELEASE.jar;C:\Users\lenovo\.m2\repository\com\alibaba\nacos\nacos-client\1.1.1\nacos-client-1.1.1.jar;C:\Users\lenovo\.m2\repository\com\alibaba\nacos\nacos-common\1.1.1\nacos-common-1.1.1.jar;C:\Users\lenovo\.m2\repository\org\apache\commons\commons-lang3\3.8.1\commons-lang3-3.8.1.jar;C:\Users\lenovo\.m2\repository\com\alibaba\nacos\nacos-api\1.1.1\nacos-api-1.1.1.jar;C:\Users\lenovo\.m2\repository\io\prometheus\simpleclient\0.5.0\simpleclient-0.5.0.jar;C:\Users\lenovo\.m2\re
Launcher Type: SUN_STANDARD

Environment Variables:
JAVA_HOME=E:\Java\jdk1.8.0_201
CLASSPATH=.;E:\Java\jdk1.8.0_201\lib;E:\Java\jdk1.8.0_201\lib\tools.jar
PATH=E:\Java\jdk1.8.0_201\bin;E:\Java\jdk1.8.0_201\jre\bin;C:\WINDOWS\system32;C:\WINDOWS;C:\WINDOWS\System32\Wbem;C:\WINDOWS\System32\WindowsPowerShell\v1.0\;C:\WINDOWS\System32\OpenSSH\;E:\maven\apache-maven-3.0.5\bin;%ZOOKEEPER_HOME%\bin;%ZOOKEEPER_HOME%\conf;C:\Users\lenovo\AppData\Local\Android\Sdk\platform-tools;E:\Program Files\nodejs\;E:\Program Files\nodejs;E:\Android\sdk\tools;E:\Android\sdk\platform-tools;E:\Android\sdk\build-tools\29.0.2;E:\gradle-4.10.3\bin;E:\Program Files\Git\cmd;E:\Programs\Python\Python38-32;C:\Users\lenovo\.windows-build-tools\python27\;C:\Users\lenovo\AppData\Local\Microsoft\WindowsApps;C:\Users\lenovo\AppData\Local\BypassRuntm;C:\Users\lenovo\AppData\Local\Microsoft\WindowsApps;;C:\Users\lenovo\AppData\Local\Programs\Microsoft VS Code Insiders\bin;C:\Users\lenovo\AppData\Roaming\npm
USERNAME=lenovo
OS=Windows_NT
PROCESSOR_IDENTIFIER=AMD64 Family 23 Model 17 Stepping 0, AuthenticAMD



---------------  S Y S T E M  ---------------

OS: Windows 10.0 , 64 bit Build 18362 (10.0.18362.900)

CPU:total 8 (initial active 8) (8 cores per cpu, 1 threads per core) family 23 model 17 stepping 0, cmov, cx8, fxsr, mmx, sse, sse2, sse3, ssse3, sse4.1, sse4.2, popcnt, avx, avx2, aes, clmul, mmxext, 3dnowpref, lzcnt, sse4a, tsc, tscinvbit, tscinv, bmi1

Memory: 4k page, physical 11429588k(1169788k free), swap 17948880k(5140k free)

vm_info: Java HotSpot(TM) 64-Bit Server VM (25.201-b09) for windows-amd64 JRE (1.8.0_201-b09), built on Dec 15 2018 18:36:39 by "java_re" with MS VC++ 10.0 (VS2010)

time: Fri Jul 24 15:59:47 2020
timezone: 中国标准时间
elapsed time: 23 seconds (0d 0h 0m 23s)

